Building ...
... done. Elapsed 1.389211207 seconds
Watching paths: /home/halvards/Projects/clojureScript/hello-world/src
Change detected, recompiling ...
Compiling src/hello_world/core.cljs
Copying file:/home/halvards/Projects/clojureScript/hello-world/src/hello_world/core.cljs to out/hello_world/core.cljs
... done. Elapsed 0.774820847 seconds
Change detected, recompiling ...
... done. Elapsed 0.4340406 seconds
Change detected, recompiling ...
Compiling src/hello_world/core.cljs
Copying file:/home/halvards/Projects/clojureScript/hello-world/src/hello_world/core.cljs to out/hello_world/core.cljs
... done. Elapsed 0.284763315 seconds
Change detected, recompiling ...
... done. Elapsed 0.19571149 seconds
Change detected, recompiling ...
Compiling src/hello_world/core.cljs
Copying file:/home/halvards/Projects/clojureScript/hello-world/src/hello_world/core.cljs to out/hello_world/core.cljs
... done. Elapsed 0.206629971 seconds
Change detected, recompiling ...
... done. Elapsed 0.225961115 seconds
Change detected, recompiling ...
Compiling src/hello_world/core.cljs
Copying file:/home/halvards/Projects/clojureScript/hello-world/src/hello_world/core.cljs to out/hello_world/core.cljs
... done. Elapsed 0.196541152 seconds
Change detected, recompiling ...
... done. Elapsed 0.272969073 seconds
Change detected, recompiling ...
Compiling src/hello_world/core.cljs
Copying file:/home/halvards/Projects/clojureScript/hello-world/src/hello_world/core.cljs to out/hello_world/core.cljs
... done. Elapsed 0.191685273 seconds
Change detected, recompiling ...
... done. Elapsed 0.189384769 seconds
Change detected, recompiling ...
Compiling src/hello_world/core.cljs
Copying file:/home/halvards/Projects/clojureScript/hello-world/src/hello_world/core.cljs to out/hello_world/core.cljs
... done. Elapsed 0.189474664 seconds
Change detected, recompiling ...
... done. Elapsed 0.181120788 seconds
